INFO - 2023-02-26 03:45:33 --> Session: Class initialized using 'CodeIgniter\Session\Handlers\FileHandler' driver.
INFO - 2023-02-26 03:46:17 --> Session: Class initialized using 'CodeIgniter\Session\Handlers\FileHandler' driver.
INFO - 2023-02-26 03:46:17 --> Session: Class initialized using 'CodeIgniter\Session\Handlers\FileHandler' driver.
INFO - 2023-02-26 03:48:02 --> Session: Class initialized using 'CodeIgniter\Session\Handlers\FileHandler' driver.
INFO - 2023-02-26 03:55:15 --> Session: Class initialized using 'CodeIgniter\Session\Handlers\FileHandler' driver.
INFO - 2023-02-26 03:59:57 --> Session: Class initialized using 'CodeIgniter\Session\Handlers\FileHandler' driver.
INFO - 2023-02-26 04:00:15 --> Session: Class initialized using 'CodeIgniter\Session\Handlers\FileHandler' driver.
INFO - 2023-02-26 04:00:15 --> Session: Class initialized using 'CodeIgniter\Session\Handlers\FileHandler' driver.
INFO - 2023-02-26 04:01:12 --> Session: Class initialized using 'CodeIgniter\Session\Handlers\FileHandler' driver.
INFO - 2023-02-26 04:01:30 --> Session: Class initialized using 'CodeIgniter\Session\Handlers\FileHandler' driver.
INFO - 2023-02-26 04:01:30 --> Session: Class initialized using 'CodeIgniter\Session\Handlers\FileHandler' driver.
INFO - 2023-02-26 04:06:07 --> Session: Class initialized using 'CodeIgniter\Session\Handlers\FileHandler' driver.
INFO - 2023-02-26 14:46:37 --> Session: Class initialized using 'CodeIgniter\Session\Handlers\FileHandler' driver.
CRITICAL - 2023-02-26 15:34:50 --> whereIn() expects $values to be of type array or closure
in SYSTEMPATH\Database\BaseBuilder.php on line 926.
 1 SYSTEMPATH\Database\BaseBuilder.php(813): CodeIgniter\Database\BaseBuilder->_whereIn('id', Object(App\Models\PendaftarSmkModel), false, 'AND ', null)
 2 SYSTEMPATH\Model.php(434): CodeIgniter\Database\BaseBuilder->whereIn('id', Object(App\Models\PendaftarSmkModel))
 3 SYSTEMPATH\BaseModel.php(1065): CodeIgniter\Model->doDelete(Object(App\Models\PendaftarSmkModel), false)
 4 APPPATH\Controllers\PendaftarSmkController.php(114): CodeIgniter\BaseModel->delete(Object(App\Models\PendaftarSmkModel))
 5 SYSTEMPATH\CodeIgniter.php(934): App\Controllers\PendaftarSmkController->smkDelete(Object(App\Models\PendaftarSmkModel))
 6 SYSTEMPATH\CodeIgniter.php(499): CodeIgniter\CodeIgniter->runController(Object(App\Controllers\PendaftarSmkController))
 7 SYSTEMPATH\CodeIgniter.php(368): CodeIgniter\CodeIgniter->handleRequest(null, Object(Config\Cache), false)
 8 FCPATH\index.php(67): CodeIgniter\CodeIgniter->run()
 9 SYSTEMPATH\Commands\Server\rewrite.php(47): require_once('FCPATH\\index.php')
CRITICAL - 2023-02-26 15:35:48 --> whereIn() expects $values to be of type array or closure
in SYSTEMPATH\Database\BaseBuilder.php on line 926.
 1 SYSTEMPATH\Database\BaseBuilder.php(813): CodeIgniter\Database\BaseBuilder->_whereIn('id', Object(App\Models\PendaftarSmkModel), false, 'AND ', null)
 2 SYSTEMPATH\Model.php(434): CodeIgniter\Database\BaseBuilder->whereIn('id', Object(App\Models\PendaftarSmkModel))
 3 SYSTEMPATH\BaseModel.php(1065): CodeIgniter\Model->doDelete(Object(App\Models\PendaftarSmkModel), false)
 4 APPPATH\Controllers\PendaftarSmkController.php(114): CodeIgniter\BaseModel->delete(Object(App\Models\PendaftarSmkModel))
 5 SYSTEMPATH\CodeIgniter.php(934): App\Controllers\PendaftarSmkController->smkDelete(Object(App\Models\PendaftarSmkModel))
 6 SYSTEMPATH\CodeIgniter.php(499): CodeIgniter\CodeIgniter->runController(Object(App\Controllers\PendaftarSmkController))
 7 SYSTEMPATH\CodeIgniter.php(368): CodeIgniter\CodeIgniter->handleRequest(null, Object(Config\Cache), false)
 8 FCPATH\index.php(67): CodeIgniter\CodeIgniter->run()
 9 SYSTEMPATH\Commands\Server\rewrite.php(47): require_once('FCPATH\\index.php')
CRITICAL - 2023-02-26 15:36:49 --> whereIn() expects $values to be of type array or closure
in SYSTEMPATH\Database\BaseBuilder.php on line 926.
 1 SYSTEMPATH\Database\BaseBuilder.php(813): CodeIgniter\Database\BaseBuilder->_whereIn('id', Object(App\Models\PendaftarSmkModel), false, 'AND ', null)
 2 SYSTEMPATH\Model.php(434): CodeIgniter\Database\BaseBuilder->whereIn('id', Object(App\Models\PendaftarSmkModel))
 3 SYSTEMPATH\BaseModel.php(1065): CodeIgniter\Model->doDelete(Object(App\Models\PendaftarSmkModel), false)
 4 APPPATH\Controllers\PendaftarSmkController.php(113): CodeIgniter\BaseModel->delete(Object(App\Models\PendaftarSmkModel))
 5 SYSTEMPATH\CodeIgniter.php(934): App\Controllers\PendaftarSmkController->smkDelete(Object(App\Models\PendaftarSmkModel))
 6 SYSTEMPATH\CodeIgniter.php(499): CodeIgniter\CodeIgniter->runController(Object(App\Controllers\PendaftarSmkController))
 7 SYSTEMPATH\CodeIgniter.php(368): CodeIgniter\CodeIgniter->handleRequest(null, Object(Config\Cache), false)
 8 FCPATH\index.php(67): CodeIgniter\CodeIgniter->run()
 9 SYSTEMPATH\Commands\Server\rewrite.php(47): require_once('FCPATH\\index.php')
CRITICAL - 2023-02-26 16:50:07 --> whereIn() expects $values to be of type array or closure
in SYSTEMPATH\Database\BaseBuilder.php on line 926.
 1 SYSTEMPATH\Database\BaseBuilder.php(813): CodeIgniter\Database\BaseBuilder->_whereIn('id', Object(App\Models\PendaftarSmkModel), false, 'AND ', null)
 2 SYSTEMPATH\Model.php(434): CodeIgniter\Database\BaseBuilder->whereIn('id', Object(App\Models\PendaftarSmkModel))
 3 SYSTEMPATH\BaseModel.php(1065): CodeIgniter\Model->doDelete(Object(App\Models\PendaftarSmkModel), false)
 4 APPPATH\Controllers\PendaftarSmkController.php(113): CodeIgniter\BaseModel->delete(Object(App\Models\PendaftarSmkModel))
 5 SYSTEMPATH\CodeIgniter.php(934): App\Controllers\PendaftarSmkController->smkDelete(Object(App\Models\PendaftarSmkModel))
 6 SYSTEMPATH\CodeIgniter.php(499): CodeIgniter\CodeIgniter->runController(Object(App\Controllers\PendaftarSmkController))
 7 SYSTEMPATH\CodeIgniter.php(368): CodeIgniter\CodeIgniter->handleRequest(null, Object(Config\Cache), false)
 8 FCPATH\index.php(67): CodeIgniter\CodeIgniter->run()
 9 SYSTEMPATH\Commands\Server\rewrite.php(47): require_once('FCPATH\\index.php')
CRITICAL - 2023-02-26 16:55:47 --> whereIn() expects $values to be of type array or closure
in SYSTEMPATH\Database\BaseBuilder.php on line 926.
 1 SYSTEMPATH\Database\BaseBuilder.php(813): CodeIgniter\Database\BaseBuilder->_whereIn('id', Object(App\Models\PendaftarSmkModel), false, 'AND ', null)
 2 SYSTEMPATH\Model.php(434): CodeIgniter\Database\BaseBuilder->whereIn('id', Object(App\Models\PendaftarSmkModel))
 3 SYSTEMPATH\BaseModel.php(1065): CodeIgniter\Model->doDelete(Object(App\Models\PendaftarSmkModel), false)
 4 APPPATH\Controllers\PendaftarSmkController.php(113): CodeIgniter\BaseModel->delete(Object(App\Models\PendaftarSmkModel))
 5 SYSTEMPATH\CodeIgniter.php(934): App\Controllers\PendaftarSmkController->smkDelete(Object(App\Models\PendaftarSmkModel))
 6 SYSTEMPATH\CodeIgniter.php(499): CodeIgniter\CodeIgniter->runController(Object(App\Controllers\PendaftarSmkController))
 7 SYSTEMPATH\CodeIgniter.php(368): CodeIgniter\CodeIgniter->handleRequest(null, Object(Config\Cache), false)
 8 FCPATH\index.php(67): CodeIgniter\CodeIgniter->run()
 9 SYSTEMPATH\Commands\Server\rewrite.php(47): require_once('FCPATH\\index.php')
CRITICAL - 2023-02-26 16:59:19 --> The route for "/admin" cannot be found.
in SYSTEMPATH\HTTP\RedirectResponse.php on line 60.
 1 SYSTEMPATH\HTTP\RedirectResponse.php(60): CodeIgniter\HTTP\Exceptions\HTTPException::forInvalidRedirectRoute('/admin')
 2 SYSTEMPATH\Common.php(869): CodeIgniter\HTTP\RedirectResponse->route(false)
 3 APPPATH\Controllers\PendaftarSmkController.php(114): redirect('/admin')
 4 SYSTEMPATH\CodeIgniter.php(934): App\Controllers\PendaftarSmkController->smkDelete('13')
 5 SYSTEMPATH\CodeIgniter.php(499): CodeIgniter\CodeIgniter->runController(Object(App\Controllers\PendaftarSmkController))
 6 SYSTEMPATH\CodeIgniter.php(368): CodeIgniter\CodeIgniter->handleRequest(null, Object(Config\Cache), false)
 7 FCPATH\index.php(67): CodeIgniter\CodeIgniter->run()
 8 SYSTEMPATH\Commands\Server\rewrite.php(47): require_once('FCPATH\\index.php')
INFO - 2023-02-26 17:00:13 --> Session: Class initialized using 'CodeIgniter\Session\Handlers\FileHandler' driver.
INFO - 2023-02-26 17:00:19 --> Session: Class initialized using 'CodeIgniter\Session\Handlers\FileHandler' driver.
INFO - 2023-02-26 17:00:24 --> Session: Class initialized using 'CodeIgniter\Session\Handlers\FileHandler' driver.
INFO - 2023-02-26 17:00:40 --> Session: Class initialized using 'CodeIgniter\Session\Handlers\FileHandler' driver.
INFO - 2023-02-26 17:01:16 --> Session: Class initialized using 'CodeIgniter\Session\Handlers\FileHandler' driver.
INFO - 2023-02-26 17:01:17 --> Session: Class initialized using 'CodeIgniter\Session\Handlers\FileHandler' driver.
CRITICAL - 2023-02-26 17:05:42 --> Invalid file: "adminEdit.php"
in SYSTEMPATH\Exceptions\FrameworkException.php on line 33.
 1 SYSTEMPATH\View\View.php(201): CodeIgniter\Exceptions\FrameworkException::forInvalidFile('adminEdit.php')
 2 SYSTEMPATH\Common.php(1177): CodeIgniter\View\View->render('adminEdit', [], true)
 3 APPPATH\Config\Routes.php(54): view('adminEdit', [...])
 4 SYSTEMPATH\CodeIgniter.php(883): CodeIgniter\Router\RouteCollection->Config\{closure}()
 5 SYSTEMPATH\CodeIgniter.php(486): CodeIgniter\CodeIgniter->startController()
 6 SYSTEMPATH\CodeIgniter.php(368): CodeIgniter\CodeIgniter->handleRequest(null, Object(Config\Cache), false)
 7 FCPATH\index.php(67): CodeIgniter\CodeIgniter->run()
 8 SYSTEMPATH\Commands\Server\rewrite.php(47): require_once('FCPATH\\index.php')
CRITICAL - 2023-02-26 17:06:03 --> Undefined variable $body
in APPPATH\Views\admin\adminEdit.php on line 179.
 1 APPPATH\Views\admin\adminEdit.php(179): CodeIgniter\Debug\Exceptions->errorHandler(2, 'Undefined variable $body', 'APPPATH\\Views\\admin\\adminEdit.php', 179)
 2 SYSTEMPATH\View\View.php(213): include('APPPATH\\Views\\admin\\adminEdit.php')
 3 SYSTEMPATH\View\View.php(216): CodeIgniter\View\View->CodeIgniter\View\{closure}()
 4 SYSTEMPATH\Common.php(1177): CodeIgniter\View\View->render('admin/adminEdit', [], true)
 5 APPPATH\Config\Routes.php(54): view('admin/adminEdit', [...])
 6 SYSTEMPATH\CodeIgniter.php(883): CodeIgniter\Router\RouteCollection->Config\{closure}()
 7 SYSTEMPATH\CodeIgniter.php(486): CodeIgniter\CodeIgniter->startController()
 8 SYSTEMPATH\CodeIgniter.php(368): CodeIgniter\CodeIgniter->handleRequest(null, Object(Config\Cache), false)
 9 FCPATH\index.php(67): CodeIgniter\CodeIgniter->run()
10 SYSTEMPATH\Commands\Server\rewrite.php(47): require_once('FCPATH\\index.php')
CRITICAL - 2023-02-26 17:06:05 --> Undefined variable $body
in APPPATH\Views\admin\adminEdit.php on line 179.
 1 APPPATH\Views\admin\adminEdit.php(179): CodeIgniter\Debug\Exceptions->errorHandler(2, 'Undefined variable $body', 'APPPATH\\Views\\admin\\adminEdit.php', 179)
 2 SYSTEMPATH\View\View.php(213): include('APPPATH\\Views\\admin\\adminEdit.php')
 3 SYSTEMPATH\View\View.php(216): CodeIgniter\View\View->CodeIgniter\View\{closure}()
 4 SYSTEMPATH\Common.php(1177): CodeIgniter\View\View->render('admin/adminEdit', [], true)
 5 APPPATH\Config\Routes.php(54): view('admin/adminEdit', [...])
 6 SYSTEMPATH\CodeIgniter.php(883): CodeIgniter\Router\RouteCollection->Config\{closure}()
 7 SYSTEMPATH\CodeIgniter.php(486): CodeIgniter\CodeIgniter->startController()
 8 SYSTEMPATH\CodeIgniter.php(368): CodeIgniter\CodeIgniter->handleRequest(null, Object(Config\Cache), false)
 9 FCPATH\index.php(67): CodeIgniter\CodeIgniter->run()
10 SYSTEMPATH\Commands\Server\rewrite.php(47): require_once('FCPATH\\index.php')
INFO - 2023-02-26 17:14:13 --> Session: Class initialized using 'CodeIgniter\Session\Handlers\FileHandler' driver.
INFO - 2023-02-26 17:19:09 --> Session: Class initialized using 'CodeIgniter\Session\Handlers\FileHandler' driver.
INFO - 2023-02-26 17:30:13 --> Session: Class initialized using 'CodeIgniter\Session\Handlers\FileHandler' driver.
INFO - 2023-02-26 17:30:14 --> Session: Class initialized using 'CodeIgniter\Session\Handlers\FileHandler' driver.
INFO - 2023-02-26 17:30:23 --> Session: Class initialized using 'CodeIgniter\Session\Handlers\FileHandler' driver.
INFO - 2023-02-26 17:30:38 --> Session: Class initialized using 'CodeIgniter\Session\Handlers\FileHandler' driver.
INFO - 2023-02-26 17:30:38 --> Session: Class initialized using 'CodeIgniter\Session\Handlers\FileHandler' driver.
INFO - 2023-02-26 17:30:56 --> Session: Class initialized using 'CodeIgniter\Session\Handlers\FileHandler' driver.
INFO - 2023-02-26 17:30:56 --> Session: Class initialized using 'CodeIgniter\Session\Handlers\FileHandler' driver.
INFO - 2023-02-26 17:31:12 --> Session: Class initialized using 'CodeIgniter\Session\Handlers\FileHandler' driver.
INFO - 2023-02-26 17:31:29 --> Session: Class initialized using 'CodeIgniter\Session\Handlers\FileHandler' driver.
INFO - 2023-02-26 17:31:29 --> Session: Class initialized using 'CodeIgniter\Session\Handlers\FileHandler' driver.
CRITICAL - 2023-02-26 17:31:40 --> Too few arguments to function App\Controllers\PendaftarSmkController::smkEdit(), 0 passed in C:\xampp\htdocs\smkpersada\vendor\codeigniter4\framework\system\CodeIgniter.php on line 934 and exactly 1 expected
in APPPATH\Controllers\PendaftarSmkController.php on line 117.
 1 SYSTEMPATH\CodeIgniter.php(934): App\Controllers\PendaftarSmkController->smkEdit()
 2 SYSTEMPATH\CodeIgniter.php(499): CodeIgniter\CodeIgniter->runController(Object(App\Controllers\PendaftarSmkController))
 3 SYSTEMPATH\CodeIgniter.php(368): CodeIgniter\CodeIgniter->handleRequest(null, Object(Config\Cache), false)
 4 FCPATH\index.php(67): CodeIgniter\CodeIgniter->run()
 5 SYSTEMPATH\Commands\Server\rewrite.php(47): require_once('FCPATH\\index.php')
CRITICAL - 2023-02-26 17:32:17 --> Too few arguments to function App\Controllers\PendaftarSmkController::smkEdit(), 0 passed in C:\xampp\htdocs\smkpersada\vendor\codeigniter4\framework\system\CodeIgniter.php on line 934 and exactly 1 expected
in APPPATH\Controllers\PendaftarSmkController.php on line 117.
 1 SYSTEMPATH\CodeIgniter.php(934): App\Controllers\PendaftarSmkController->smkEdit()
 2 SYSTEMPATH\CodeIgniter.php(499): CodeIgniter\CodeIgniter->runController(Object(App\Controllers\PendaftarSmkController))
 3 SYSTEMPATH\CodeIgniter.php(368): CodeIgniter\CodeIgniter->handleRequest(null, Object(Config\Cache), false)
 4 FCPATH\index.php(67): CodeIgniter\CodeIgniter->run()
 5 SYSTEMPATH\Commands\Server\rewrite.php(47): require_once('FCPATH\\index.php')
CRITICAL - 2023-02-26 18:01:45 --> Cannot access offset of type string on string
in APPPATH\Views\admin\admin-smk.php on line 181.
 1 SYSTEMPATH\View\View.php(213): include()
 2 SYSTEMPATH\View\View.php(216): CodeIgniter\View\View->CodeIgniter\View\{closure}()
 3 SYSTEMPATH\Common.php(1177): CodeIgniter\View\View->render('admin/admin-smk', [], true)
 4 APPPATH\Controllers\PendaftarSmkController.php(124): view('admin/admin-smk', [...])
 5 SYSTEMPATH\CodeIgniter.php(934): App\Controllers\PendaftarSmkController->getDataEdit([...])
 6 SYSTEMPATH\CodeIgniter.php(499): CodeIgniter\CodeIgniter->runController(Object(App\Controllers\PendaftarSmkController))
 7 SYSTEMPATH\CodeIgniter.php(368): CodeIgniter\CodeIgniter->handleRequest(null, Object(Config\Cache), false)
 8 FCPATH\index.php(67): CodeIgniter\CodeIgniter->run()
 9 SYSTEMPATH\Commands\Server\rewrite.php(47): require_once('FCPATH\\index.php')
INFO - 2023-02-26 18:04:45 --> Session: Class initialized using 'CodeIgniter\Session\Handlers\FileHandler' driver.
INFO - 2023-02-26 18:04:46 --> Session: Class initialized using 'CodeIgniter\Session\Handlers\FileHandler' driver.
INFO - 2023-02-26 18:33:25 --> Session: Class initialized using 'CodeIgniter\Session\Handlers\FileHandler' driver.
INFO - 2023-02-26 18:33:46 --> Session: Class initialized using 'CodeIgniter\Session\Handlers\FileHandler' driver.
INFO - 2023-02-26 18:33:47 --> Session: Class initialized using 'CodeIgniter\Session\Handlers\FileHandler' driver.
INFO - 2023-02-26 18:34:11 --> Session: Class initialized using 'CodeIgniter\Session\Handlers\FileHandler' driver.
INFO - 2023-02-26 18:34:11 --> Session: Class initialized using 'CodeIgniter\Session\Handlers\FileHandler' driver.
INFO - 2023-02-26 18:34:40 --> Session: Class initialized using 'CodeIgniter\Session\Handlers\FileHandler' driver.
CRITICAL - 2023-02-26 18:42:56 --> Trying to access array offset on value of type null
in APPPATH\Views\admin\adminEdit.php on line 150.
 1 APPPATH\Views\admin\adminEdit.php(150): CodeIgniter\Debug\Exceptions->errorHandler(2, 'Trying to access array offset on value of type null', 'APPPATH\\Views\\admin\\adminEdit.php', 150)
 2 SYSTEMPATH\View\View.php(213): include('APPPATH\\Views\\admin\\adminEdit.php')
 3 SYSTEMPATH\View\View.php(216): CodeIgniter\View\View->CodeIgniter\View\{closure}()
 4 SYSTEMPATH\Common.php(1177): CodeIgniter\View\View->render('admin/adminEdit', [], true)
 5 APPPATH\Controllers\PendaftarSmkController.php(125): view('admin/adminEdit', [...])
 6 SYSTEMPATH\CodeIgniter.php(934): App\Controllers\PendaftarSmkController->getDataEdit(null)
 7 SYSTEMPATH\CodeIgniter.php(499): CodeIgniter\CodeIgniter->runController(Object(App\Controllers\PendaftarSmkController))
 8 SYSTEMPATH\CodeIgniter.php(368): CodeIgniter\CodeIgniter->handleRequest(null, Object(Config\Cache), false)
 9 FCPATH\index.php(67): CodeIgniter\CodeIgniter->run()
10 SYSTEMPATH\Commands\Server\rewrite.php(47): require_once('FCPATH\\index.php')
INFO - 2023-02-26 18:46:06 --> Session: Class initialized using 'CodeIgniter\Session\Handlers\FileHandler' driver.
INFO - 2023-02-26 18:46:06 --> Session: Class initialized using 'CodeIgniter\Session\Handlers\FileHandler' driver.
INFO - 2023-02-26 18:48:07 --> Session: Class initialized using 'CodeIgniter\Session\Handlers\FileHandler' driver.
INFO - 2023-02-26 18:48:08 --> Session: Class initialized using 'CodeIgniter\Session\Handlers\FileHandler' driver.
INFO - 2023-02-26 18:48:46 --> Session: Class initialized using 'CodeIgniter\Session\Handlers\FileHandler' driver.
INFO - 2023-02-26 18:49:05 --> Session: Class initialized using 'CodeIgniter\Session\Handlers\FileHandler' driver.
INFO - 2023-02-26 18:49:05 --> Session: Class initialized using 'CodeIgniter\Session\Handlers\FileHandler' driver.
INFO - 2023-02-26 18:49:37 --> Session: Class initialized using 'CodeIgniter\Session\Handlers\FileHandler' driver.
INFO - 2023-02-26 18:49:51 --> Session: Class initialized using 'CodeIgniter\Session\Handlers\FileHandler' driver.
INFO - 2023-02-26 18:49:51 --> Session: Class initialized using 'CodeIgniter\Session\Handlers\FileHandler' driver.
INFO - 2023-02-26 18:50:35 --> Session: Class initialized using 'CodeIgniter\Session\Handlers\FileHandler' driver.
INFO - 2023-02-26 18:51:01 --> Session: Class initialized using 'CodeIgniter\Session\Handlers\FileHandler' driver.
INFO - 2023-02-26 18:51:02 --> Session: Class initialized using 'CodeIgniter\Session\Handlers\FileHandler' driver.
INFO - 2023-02-26 18:52:16 --> Session: Class initialized using 'CodeIgniter\Session\Handlers\FileHandler' driver.
INFO - 2023-02-26 18:52:16 --> Session: Class initialized using 'CodeIgniter\Session\Handlers\FileHandler' driver.
INFO - 2023-02-26 18:52:42 --> Session: Class initialized using 'CodeIgniter\Session\Handlers\FileHandler' driver.
INFO - 2023-02-26 18:52:42 --> Session: Class initialized using 'CodeIgniter\Session\Handlers\FileHandler' driver.
INFO - 2023-02-26 18:52:54 --> Session: Class initialized using 'CodeIgniter\Session\Handlers\FileHandler' driver.
INFO - 2023-02-26 18:52:54 --> Session: Class initialized using 'CodeIgniter\Session\Handlers\FileHandler' driver.
CRITICAL - 2023-02-26 18:53:33 --> The route for "/admin" cannot be found.
in SYSTEMPATH\HTTP\RedirectResponse.php on line 60.
 1 SYSTEMPATH\HTTP\RedirectResponse.php(60): CodeIgniter\HTTP\Exceptions\HTTPException::forInvalidRedirectRoute('/admin')
 2 SYSTEMPATH\Common.php(869): CodeIgniter\HTTP\RedirectResponse->route(false)
 3 APPPATH\Controllers\PendaftarSmkController.php(114): redirect('/admin')
 4 SYSTEMPATH\CodeIgniter.php(934): App\Controllers\PendaftarSmkController->smkDelete('24')
 5 SYSTEMPATH\CodeIgniter.php(499): CodeIgniter\CodeIgniter->runController(Object(App\Controllers\PendaftarSmkController))
 6 SYSTEMPATH\CodeIgniter.php(368): CodeIgniter\CodeIgniter->handleRequest(null, Object(Config\Cache), false)
 7 FCPATH\index.php(67): CodeIgniter\CodeIgniter->run()
 8 SYSTEMPATH\Commands\Server\rewrite.php(47): require_once('FCPATH\\index.php')
INFO - 2023-02-26 19:00:29 --> Session: Class initialized using 'CodeIgniter\Session\Handlers\FileHandler' driver.
INFO - 2023-02-26 19:00:29 --> Session: Class initialized using 'CodeIgniter\Session\Handlers\FileHandler' driver.
INFO - 2023-02-26 19:03:38 --> Session: Class initialized using 'CodeIgniter\Session\Handlers\FileHandler' driver.
INFO - 2023-02-26 19:03:38 --> Session: Class initialized using 'CodeIgniter\Session\Handlers\FileHandler' driver.
