CRITICAL - 2023-03-18 14:56:22 --> scandir(C:\xampp\htdocs\smkpersada\app\Controllers../public/img/gallery): The system cannot find the path specifi (code: 3)
in APPPATH\Controllers\Home.php on line 11.
 1 [internal function]: CodeIgniter\Debug\Exceptions->errorHandler(2, 'scandir(C:\\xampp\\htdocs\\smkpersada\\app\\Controllers../public/img/gallery): The system cannot find the path specifi (code: 3)', 'APPPATH\\Controllers\\Home.php', 11)
 2 APPPATH\Controllers\Home.php(11): scandir('APPPATH\\Controllers../public/img/gallery')
 3 SYSTEMPATH\CodeIgniter.php(934): App\Controllers\Home->index()
 4 SYSTEMPATH\CodeIgniter.php(499): CodeIgniter\CodeIgniter->runController(Object(App\Controllers\Home))
 5 SYSTEMPATH\CodeIgniter.php(368): CodeIgniter\CodeIgniter->handleRequest(null, Object(Config\Cache), false)
 6 FCPATH\index.php(67): CodeIgniter\CodeIgniter->run()
 7 SYSTEMPATH\Commands\Server\rewrite.php(47): require_once('FCPATH\\index.php')
CRITICAL - 2023-03-18 14:57:44 --> scandir(C:\xampp\htdocs\smkpersada\app\Controllersgallery): The system cannot find the file specifi (code: 2)
in APPPATH\Controllers\Home.php on line 11.
 1 [internal function]: CodeIgniter\Debug\Exceptions->errorHandler(2, 'scandir(C:\\xampp\\htdocs\\smkpersada\\app\\Controllersgallery): The system cannot find the file specifi (code: 2)', 'APPPATH\\Controllers\\Home.php', 11)
 2 APPPATH\Controllers\Home.php(11): scandir('APPPATH\\Controllersgallery')
 3 SYSTEMPATH\CodeIgniter.php(934): App\Controllers\Home->index()
 4 SYSTEMPATH\CodeIgniter.php(499): CodeIgniter\CodeIgniter->runController(Object(App\Controllers\Home))
 5 SYSTEMPATH\CodeIgniter.php(368): CodeIgniter\CodeIgniter->handleRequest(null, Object(Config\Cache), false)
 6 FCPATH\index.php(67): CodeIgniter\CodeIgniter->run()
 7 SYSTEMPATH\Commands\Server\rewrite.php(47): require_once('FCPATH\\index.php')
CRITICAL - 2023-03-18 14:57:48 --> scandir(C:\xampp\htdocs\smkpersada\app\Controllersgallery): The system cannot find the file specifi (code: 2)
in APPPATH\Controllers\Home.php on line 11.
 1 [internal function]: CodeIgniter\Debug\Exceptions->errorHandler(2, 'scandir(C:\\xampp\\htdocs\\smkpersada\\app\\Controllersgallery): The system cannot find the file specifi (code: 2)', 'APPPATH\\Controllers\\Home.php', 11)
 2 APPPATH\Controllers\Home.php(11): scandir('APPPATH\\Controllersgallery')
 3 SYSTEMPATH\CodeIgniter.php(934): App\Controllers\Home->index()
 4 SYSTEMPATH\CodeIgniter.php(499): CodeIgniter\CodeIgniter->runController(Object(App\Controllers\Home))
 5 SYSTEMPATH\CodeIgniter.php(368): CodeIgniter\CodeIgniter->handleRequest(null, Object(Config\Cache), false)
 6 FCPATH\index.php(67): CodeIgniter\CodeIgniter->run()
 7 SYSTEMPATH\Commands\Server\rewrite.php(47): require_once('FCPATH\\index.php')
CRITICAL - 2023-03-18 14:57:49 --> scandir(C:\xampp\htdocs\smkpersada\app\Controllersgallery): The system cannot find the file specifi (code: 2)
in APPPATH\Controllers\Home.php on line 11.
 1 [internal function]: CodeIgniter\Debug\Exceptions->errorHandler(2, 'scandir(C:\\xampp\\htdocs\\smkpersada\\app\\Controllersgallery): The system cannot find the file specifi (code: 2)', 'APPPATH\\Controllers\\Home.php', 11)
 2 APPPATH\Controllers\Home.php(11): scandir('APPPATH\\Controllersgallery')
 3 SYSTEMPATH\CodeIgniter.php(934): App\Controllers\Home->index()
 4 SYSTEMPATH\CodeIgniter.php(499): CodeIgniter\CodeIgniter->runController(Object(App\Controllers\Home))
 5 SYSTEMPATH\CodeIgniter.php(368): CodeIgniter\CodeIgniter->handleRequest(null, Object(Config\Cache), false)
 6 FCPATH\index.php(67): CodeIgniter\CodeIgniter->run()
 7 SYSTEMPATH\Commands\Server\rewrite.php(47): require_once('FCPATH\\index.php')
CRITICAL - 2023-03-18 14:59:37 --> scandir(C:\xampp\htdocs\smkpersada\public\gallery/): The system cannot find the file specifi (code: 2)
in APPPATH\Controllers\Home.php on line 11.
 1 [internal function]: CodeIgniter\Debug\Exceptions->errorHandler(2, 'scandir(C:\\xampp\\htdocs\\smkpersada\\public\\gallery/): The system cannot find the file specifi (code: 2)', 'APPPATH\\Controllers\\Home.php', 11)
 2 APPPATH\Controllers\Home.php(11): scandir('FCPATH\\gallery/')
 3 SYSTEMPATH\CodeIgniter.php(934): App\Controllers\Home->index()
 4 SYSTEMPATH\CodeIgniter.php(499): CodeIgniter\CodeIgniter->runController(Object(App\Controllers\Home))
 5 SYSTEMPATH\CodeIgniter.php(368): CodeIgniter\CodeIgniter->handleRequest(null, Object(Config\Cache), false)
 6 FCPATH\index.php(67): CodeIgniter\CodeIgniter->run()
 7 SYSTEMPATH\Commands\Server\rewrite.php(47): require_once('FCPATH\\index.php')
CRITICAL - 2023-03-18 14:59:38 --> scandir(C:\xampp\htdocs\smkpersada\public\gallery/): The system cannot find the file specifi (code: 2)
in APPPATH\Controllers\Home.php on line 11.
 1 [internal function]: CodeIgniter\Debug\Exceptions->errorHandler(2, 'scandir(C:\\xampp\\htdocs\\smkpersada\\public\\gallery/): The system cannot find the file specifi (code: 2)', 'APPPATH\\Controllers\\Home.php', 11)
 2 APPPATH\Controllers\Home.php(11): scandir('FCPATH\\gallery/')
 3 SYSTEMPATH\CodeIgniter.php(934): App\Controllers\Home->index()
 4 SYSTEMPATH\CodeIgniter.php(499): CodeIgniter\CodeIgniter->runController(Object(App\Controllers\Home))
 5 SYSTEMPATH\CodeIgniter.php(368): CodeIgniter\CodeIgniter->handleRequest(null, Object(Config\Cache), false)
 6 FCPATH\index.php(67): CodeIgniter\CodeIgniter->run()
 7 SYSTEMPATH\Commands\Server\rewrite.php(47): require_once('FCPATH\\index.php')
CRITICAL - 2023-03-18 15:00:16 --> scandir(C:\xampp\htdocs\smkpersada\public\gallery/): The system cannot find the file specifi (code: 2)
in APPPATH\Controllers\Home.php on line 11.
 1 [internal function]: CodeIgniter\Debug\Exceptions->errorHandler(2, 'scandir(C:\\xampp\\htdocs\\smkpersada\\public\\gallery/): The system cannot find the file specifi (code: 2)', 'APPPATH\\Controllers\\Home.php', 11)
 2 APPPATH\Controllers\Home.php(11): scandir('FCPATH\\gallery/')
 3 SYSTEMPATH\CodeIgniter.php(934): App\Controllers\Home->index()
 4 SYSTEMPATH\CodeIgniter.php(499): CodeIgniter\CodeIgniter->runController(Object(App\Controllers\Home))
 5 SYSTEMPATH\CodeIgniter.php(368): CodeIgniter\CodeIgniter->handleRequest(null, Object(Config\Cache), false)
 6 FCPATH\index.php(67): CodeIgniter\CodeIgniter->run()
 7 SYSTEMPATH\Commands\Server\rewrite.php(47): require_once('FCPATH\\index.php')
CRITICAL - 2023-03-18 15:00:17 --> scandir(C:\xampp\htdocs\smkpersada\public\gallery/): The system cannot find the file specifi (code: 2)
in APPPATH\Controllers\Home.php on line 11.
 1 [internal function]: CodeIgniter\Debug\Exceptions->errorHandler(2, 'scandir(C:\\xampp\\htdocs\\smkpersada\\public\\gallery/): The system cannot find the file specifi (code: 2)', 'APPPATH\\Controllers\\Home.php', 11)
 2 APPPATH\Controllers\Home.php(11): scandir('FCPATH\\gallery/')
 3 SYSTEMPATH\CodeIgniter.php(934): App\Controllers\Home->index()
 4 SYSTEMPATH\CodeIgniter.php(499): CodeIgniter\CodeIgniter->runController(Object(App\Controllers\Home))
 5 SYSTEMPATH\CodeIgniter.php(368): CodeIgniter\CodeIgniter->handleRequest(null, Object(Config\Cache), false)
 6 FCPATH\index.php(67): CodeIgniter\CodeIgniter->run()
 7 SYSTEMPATH\Commands\Server\rewrite.php(47): require_once('FCPATH\\index.php')
CRITICAL - 2023-03-18 15:00:51 --> scandir(C:\xampp\htdocs\smkpersada\public\gallery/): The system cannot find the file specifi (code: 2)
in APPPATH\Controllers\Home.php on line 11.
 1 [internal function]: CodeIgniter\Debug\Exceptions->errorHandler(2, 'scandir(C:\\xampp\\htdocs\\smkpersada\\public\\gallery/): The system cannot find the file specifi (code: 2)', 'APPPATH\\Controllers\\Home.php', 11)
 2 APPPATH\Controllers\Home.php(11): scandir('FCPATH\\gallery/')
 3 SYSTEMPATH\CodeIgniter.php(934): App\Controllers\Home->index()
 4 SYSTEMPATH\CodeIgniter.php(499): CodeIgniter\CodeIgniter->runController(Object(App\Controllers\Home))
 5 SYSTEMPATH\CodeIgniter.php(368): CodeIgniter\CodeIgniter->handleRequest(null, Object(Config\Cache), false)
 6 FCPATH\index.php(67): CodeIgniter\CodeIgniter->run()
 7 SYSTEMPATH\Commands\Server\rewrite.php(47): require_once('FCPATH\\index.php')
CRITICAL - 2023-03-18 15:03:23 --> finfo_file(public/img/gallery): Failed to open stream: No such file or directory
in SYSTEMPATH\Files\File.php on line 115.
 1 [internal function]: CodeIgniter\Debug\Exceptions->errorHandler(2, 'finfo_file(public/img/gallery): Failed to open stream: No such file or directory', 'SYSTEMPATH\\Files\\File.php', 115)
 2 SYSTEMPATH\Files\File.php(115): finfo_file(Object(finfo), 'public/img/gallery')
 3 APPPATH\Controllers\Home.php(10): CodeIgniter\Files\File->getMimeType()
 4 SYSTEMPATH\CodeIgniter.php(934): App\Controllers\Home->index()
 5 SYSTEMPATH\CodeIgniter.php(499): CodeIgniter\CodeIgniter->runController(Object(App\Controllers\Home))
 6 SYSTEMPATH\CodeIgniter.php(368): CodeIgniter\CodeIgniter->handleRequest(null, Object(Config\Cache), false)
 7 FCPATH\index.php(67): CodeIgniter\CodeIgniter->run()
 8 SYSTEMPATH\Commands\Server\rewrite.php(47): require_once('FCPATH\\index.php')
CRITICAL - 2023-03-18 15:04:00 --> finfo_file(public/img/gallery): Failed to open stream: No such file or directory
in SYSTEMPATH\Files\File.php on line 115.
 1 [internal function]: CodeIgniter\Debug\Exceptions->errorHandler(2, 'finfo_file(public/img/gallery): Failed to open stream: No such file or directory', 'SYSTEMPATH\\Files\\File.php', 115)
 2 SYSTEMPATH\Files\File.php(115): finfo_file(Object(finfo), 'public/img/gallery')
 3 APPPATH\Controllers\Home.php(10): CodeIgniter\Files\File->getMimeType()
 4 SYSTEMPATH\CodeIgniter.php(934): App\Controllers\Home->index()
 5 SYSTEMPATH\CodeIgniter.php(499): CodeIgniter\CodeIgniter->runController(Object(App\Controllers\Home))
 6 SYSTEMPATH\CodeIgniter.php(368): CodeIgniter\CodeIgniter->handleRequest(null, Object(Config\Cache), false)
 7 FCPATH\index.php(67): CodeIgniter\CodeIgniter->run()
 8 SYSTEMPATH\Commands\Server\rewrite.php(47): require_once('FCPATH\\index.php')
CRITICAL - 2023-03-18 15:04:01 --> finfo_file(public/img/gallery): Failed to open stream: No such file or directory
in SYSTEMPATH\Files\File.php on line 115.
 1 [internal function]: CodeIgniter\Debug\Exceptions->errorHandler(2, 'finfo_file(public/img/gallery): Failed to open stream: No such file or directory', 'SYSTEMPATH\\Files\\File.php', 115)
 2 SYSTEMPATH\Files\File.php(115): finfo_file(Object(finfo), 'public/img/gallery')
 3 APPPATH\Controllers\Home.php(10): CodeIgniter\Files\File->getMimeType()
 4 SYSTEMPATH\CodeIgniter.php(934): App\Controllers\Home->index()
 5 SYSTEMPATH\CodeIgniter.php(499): CodeIgniter\CodeIgniter->runController(Object(App\Controllers\Home))
 6 SYSTEMPATH\CodeIgniter.php(368): CodeIgniter\CodeIgniter->handleRequest(null, Object(Config\Cache), false)
 7 FCPATH\index.php(67): CodeIgniter\CodeIgniter->run()
 8 SYSTEMPATH\Commands\Server\rewrite.php(47): require_once('FCPATH\\index.php')
CRITICAL - 2023-03-18 15:04:26 --> SplFileInfo::getSize(): stat failed for public/img/gallery
in SYSTEMPATH\Files\File.php on line 65.
 1 SYSTEMPATH\Files\File.php(65): SplFileInfo->getSize()
 2 APPPATH\Controllers\Home.php(10): CodeIgniter\Files\File->getSize()
 3 SYSTEMPATH\CodeIgniter.php(934): App\Controllers\Home->index()
 4 SYSTEMPATH\CodeIgniter.php(499): CodeIgniter\CodeIgniter->runController(Object(App\Controllers\Home))
 5 SYSTEMPATH\CodeIgniter.php(368): CodeIgniter\CodeIgniter->handleRequest(null, Object(Config\Cache), false)
 6 FCPATH\index.php(67): CodeIgniter\CodeIgniter->run()
 7 SYSTEMPATH\Commands\Server\rewrite.php(47): require_once('FCPATH\\index.php')
CRITICAL - 2023-03-18 15:07:29 --> Cannot access offset of type string on string
in APPPATH\Controllers\Home.php on line 11.
 1 SYSTEMPATH\CodeIgniter.php(934): App\Controllers\Home->index()
 2 SYSTEMPATH\CodeIgniter.php(499): CodeIgniter\CodeIgniter->runController(Object(App\Controllers\Home))
 3 SYSTEMPATH\CodeIgniter.php(368): CodeIgniter\CodeIgniter->handleRequest(null, Object(Config\Cache), false)
 4 FCPATH\index.php(67): CodeIgniter\CodeIgniter->run()
 5 SYSTEMPATH\Commands\Server\rewrite.php(47): require_once('FCPATH\\index.php')
CRITICAL - 2023-03-18 15:07:54 --> finfo_file(/public/img/gallery): Failed to open stream: No such file or directory
in SYSTEMPATH\Files\File.php on line 115.
 1 [internal function]: CodeIgniter\Debug\Exceptions->errorHandler(2, 'finfo_file(/public/img/gallery): Failed to open stream: No such file or directory', 'SYSTEMPATH\\Files\\File.php', 115)
 2 SYSTEMPATH\Files\File.php(115): finfo_file(Object(finfo), '/public/img/gallery')
 3 APPPATH\Controllers\Home.php(10): CodeIgniter\Files\File->getMimeType()
 4 SYSTEMPATH\CodeIgniter.php(934): App\Controllers\Home->index()
 5 SYSTEMPATH\CodeIgniter.php(499): CodeIgniter\CodeIgniter->runController(Object(App\Controllers\Home))
 6 SYSTEMPATH\CodeIgniter.php(368): CodeIgniter\CodeIgniter->handleRequest(null, Object(Config\Cache), false)
 7 FCPATH\index.php(67): CodeIgniter\CodeIgniter->run()
 8 SYSTEMPATH\Commands\Server\rewrite.php(47): require_once('FCPATH\\index.php')
CRITICAL - 2023-03-18 15:12:20 --> scandir(/gallery): The system cannot find the file specifi (code: 2)
in APPPATH\Controllers\Home.php on line 10.
 1 [internal function]: CodeIgniter\Debug\Exceptions->errorHandler(2, 'scandir(/gallery): The system cannot find the file specifi (code: 2)', 'APPPATH\\Controllers\\Home.php', 10)
 2 APPPATH\Controllers\Home.php(10): scandir('/gallery')
 3 SYSTEMPATH\CodeIgniter.php(934): App\Controllers\Home->index()
 4 SYSTEMPATH\CodeIgniter.php(499): CodeIgniter\CodeIgniter->runController(Object(App\Controllers\Home))
 5 SYSTEMPATH\CodeIgniter.php(368): CodeIgniter\CodeIgniter->handleRequest(null, Object(Config\Cache), false)
 6 FCPATH\index.php(67): CodeIgniter\CodeIgniter->run()
 7 SYSTEMPATH\Commands\Server\rewrite.php(47): require_once('FCPATH\\index.php')
CRITICAL - 2023-03-18 15:12:38 --> scandir(./public/img/gallery): The system cannot find the path specifi (code: 3)
in APPPATH\Controllers\Home.php on line 10.
 1 [internal function]: CodeIgniter\Debug\Exceptions->errorHandler(2, 'scandir(./public/img/gallery): The system cannot find the path specifi (code: 3)', 'APPPATH\\Controllers\\Home.php', 10)
 2 APPPATH\Controllers\Home.php(10): scandir('./public/img/gallery')
 3 SYSTEMPATH\CodeIgniter.php(934): App\Controllers\Home->index()
 4 SYSTEMPATH\CodeIgniter.php(499): CodeIgniter\CodeIgniter->runController(Object(App\Controllers\Home))
 5 SYSTEMPATH\CodeIgniter.php(368): CodeIgniter\CodeIgniter->handleRequest(null, Object(Config\Cache), false)
 6 FCPATH\index.php(67): CodeIgniter\CodeIgniter->run()
 7 SYSTEMPATH\Commands\Server\rewrite.php(47): require_once('FCPATH\\index.php')
CRITICAL - 2023-03-18 15:31:24 --> Undefined variable $gambar
in APPPATH\Views\gallery.php on line 52.
 1 APPPATH\Views\gallery.php(52): CodeIgniter\Debug\Exceptions->errorHandler(2, 'Undefined variable $gambar', 'APPPATH\\Views\\gallery.php', 52)
 2 SYSTEMPATH\View\View.php(213): include('APPPATH\\Views\\gallery.php')
 3 SYSTEMPATH\View\View.php(216): CodeIgniter\View\View->CodeIgniter\View\{closure}()
 4 SYSTEMPATH\Common.php(1177): CodeIgniter\View\View->render('gallery', [], true)
 5 APPPATH\Controllers\Home.php(23): view('gallery', [...])
 6 SYSTEMPATH\CodeIgniter.php(934): App\Controllers\Home->gallery()
 7 SYSTEMPATH\CodeIgniter.php(499): CodeIgniter\CodeIgniter->runController(Object(App\Controllers\Home))
 8 SYSTEMPATH\CodeIgniter.php(368): CodeIgniter\CodeIgniter->handleRequest(null, Object(Config\Cache), false)
 9 FCPATH\index.php(67): CodeIgniter\CodeIgniter->run()
10 SYSTEMPATH\Commands\Server\rewrite.php(47): require_once('FCPATH\\index.php')
INFO - 2023-03-18 15:50:43 --> Session: Class initialized using 'CodeIgniter\Session\Handlers\FileHandler' driver.
INFO - 2023-03-18 15:50:49 --> Session: Class initialized using 'CodeIgniter\Session\Handlers\FileHandler' driver.
